2026-07-05 15:30:36  閿欒: warning: in the working copy of 'auto_commit.ps1', LF will be replaced by CRLF the next time Git touches it
2026-07-05 15:31:53  commit ok: auto: 15:31 auto save
2026-07-05 15:32:00  commit ok: auto: 15:32 auto save
2026-07-05 15:32:14  push failed: fatal: unable to access 'https://github.com/TYY-tyy-tyy/21yglh.git/': Failed to connect to github.com port 443 after 21026 ms: Could not connect to server
2026-07-05 15:32:22  push failed: fatal: unable to access 'https://github.com/TYY-tyy-tyy/21yglh.git/': Failed to connect to github.com port 443 after 21073 ms: Could not connect to server
2026-07-05 16:01:52  commit ok: auto: 16:01 auto save
2026-07-05 16:02:12  push failed: fatal: unable to access 'https://github.com/TYY-tyy-tyy/21yglh.git/': Recv failure: Connection was reset
2026-07-05 16:49:11  commit ok: auto: 16:49 auto save
2026-07-05 16:49:13  push ok
2026-07-05 17:01:34  commit ok: auto: 17:01 auto save
2026-07-05 17:01:36  push ok
2026-07-05 17:31:34  commit ok: auto: 17:31 auto save
2026-07-05 17:31:37  push ok
2026-07-05 18:01:54  commit ok: auto: 18:01 auto save
2026-07-05 18:02:15  push failed: fatal: unable to access 'https://github.com/TYY-tyy-tyy/21yglh.git/': Failed to connect to github.com port 443 after 21096 ms: Could not connect to server
2026-07-05 18:31:34  commit ok: auto: 18:31 auto save
2026-07-05 18:31:37  push ok
2026-07-05 19:20:46  commit ok: auto: 19:20 auto save
2026-07-05 19:21:08  push failed: fatal: unable to access 'https://github.com/TYY-tyy-tyy/21yglh.git/': Failed to connect to github.com port 443 after 21093 ms: Could not connect to server
2026-07-05 19:31:34  commit ok: auto: 19:31 auto save
2026-07-05 19:31:37  push ok
2026-07-05 20:01:52  commit ok: auto: 20:01 auto save
2026-07-05 20:02:13  push failed: fatal: unable to access 'https://github.com/TYY-tyy-tyy/21yglh.git/': Failed to connect to github.com port 443 after 21074 ms: Could not connect to server
2026-07-05 20:31:33  commit ok: auto: 20:31 auto save
2026-07-05 20:31:37  push ok
2026-07-05 21:01:53  commit ok: auto: 21:01 auto save
2026-07-05 21:02:14  push failed: fatal: unable to access 'https://github.com/TYY-tyy-tyy/21yglh.git/': Failed to connect to github.com port 443 after 21066 ms: Could not connect to server
2026-07-05 21:31:33  commit ok: auto: 21:31 auto save
2026-07-05 21:31:36  push ok
2026-07-06 16:01:34  commit ok: auto: 16:01 auto save
2026-07-06 16:01:38  push ok
2026-07-06 16:31:33  commit ok: auto: 16:31 auto save
2026-07-06 16:31:37  push ok
2026-07-06 17:01:33  commit ok: auto: 17:01 auto save
2026-07-06 17:01:37  push ok
2026-07-06 17:31:33  commit ok: auto: 17:31 auto save
2026-07-06 17:31:37  push ok
2026-07-06 18:01:33  commit ok: auto: 18:01 auto save
2026-07-06 18:01:37  push ok
2026-07-06 20:01:35  commit ok: auto: 20:01 auto save
2026-07-06 20:01:38  push ok
2026-07-06 20:32:14  commit ok: auto: 20:32 auto save
2026-07-06 20:32:36  push failed: fatal: unable to access 'https://github.com/TYY-tyy-tyy/21yglh.git/': Failed to connect to github.com port 443 after 21062 ms: Could not connect to server
2026-07-06 21:01:34  commit ok: auto: 21:01 auto save
2026-07-06 21:01:38  push ok
2026-07-06 21:31:55  commit ok: auto: 21:31 auto save
2026-07-06 21:32:36  push failed: fatal: unable to access 'https://github.com/TYY-tyy-tyy/21yglh.git/': Failed to connect to github.com port 443 after 21069 ms: Could not connect to server
2026-07-07 00:43:29  commit ok: auto: 00:43 auto save
2026-07-07 00:43:32  push ok
2026-07-07 17:40:12  commit ok: auto: 17:40 auto save
2026-07-07 17:40:15  push ok
2026-07-07 20:32:49  commit ok: auto: 20:32 auto save
2026-07-07 20:32:52  push ok
2026-07-08 14:46:10  commit ok: auto: 14:46 auto save
2026-07-08 14:46:12  push ok
2026-07-08 15:01:35  commit ok: auto: 15:01 auto save
2026-07-08 15:01:38  push ok
2026-07-08 15:32:15  commit ok: auto: 15:32 auto save
2026-07-08 15:32:36  push failed: fatal: unable to access 'https://github.com/TYY-tyy-tyy/21yglh.git/': Failed to connect to github.com port 443 after 21081 ms: Could not connect to server
2026-07-08 16:02:15  commit ok: auto: 16:02 auto save
2026-07-08 16:02:36  push failed: fatal: unable to access 'https://github.com/TYY-tyy-tyy/21yglh.git/': Failed to connect to github.com port 443 after 21097 ms: Could not connect to server
2026-07-08 16:31:35  commit ok: auto: 16:31 auto save
2026-07-08 16:31:38  push ok
2026-07-08 17:31:53  commit ok: auto: 17:31 auto save
2026-07-08 17:32:35  push failed: fatal: unable to access 'https://github.com/TYY-tyy-tyy/21yglh.git/': Failed to connect to github.com port 443 after 21079 ms: Could not connect to server
2026-07-08 18:02:15  commit ok: auto: 18:02 auto save
2026-07-08 18:02:56  push failed: fatal: unable to access 'https://github.com/TYY-tyy-tyy/21yglh.git/': Failed to connect to github.com port 443 after 21078 ms: Could not connect to server
2026-07-08 18:32:15  commit ok: auto: 18:32 auto save
2026-07-08 18:32:56  push failed: fatal: unable to access 'https://github.com/TYY-tyy-tyy/21yglh.git/': Failed to connect to github.com port 443 after 21067 ms: Could not connect to server
2026-07-08 19:01:35  commit ok: auto: 19:01 auto save
2026-07-08 19:01:38  push ok
2026-07-08 19:31:35  commit ok: auto: 19:31 auto save
2026-07-08 19:31:38  push ok
2026-07-08 20:01:34  commit ok: auto: 20:01 auto save
2026-07-08 20:01:36  push ok
2026-07-08 20:31:52  commit ok: auto: 20:31 auto save
2026-07-08 20:32:34  push failed: fatal: unable to access 'https://github.com/TYY-tyy-tyy/21yglh.git/': Failed to connect to github.com port 443 after 21078 ms: Could not connect to server
2026-07-08 21:03:36  commit ok: auto: 21:03 auto save
2026-07-08 21:03:39  push ok
2026-07-08 21:31:37  commit ok: auto: 21:31 auto save
2026-07-08 21:31:41  push ok
2026-07-08 22:02:05  commit ok: auto: 22:02 auto save
2026-07-08 22:02:26  push failed: fatal: unable to access 'https://github.com/TYY-tyy-tyy/21yglh.git/': Failed to connect to github.com port 443 after 21077 ms: Could not connect to server
2026-07-09 12:26:47  commit ok: auto: 12:26 auto save
2026-07-09 12:26:50  push ok
2026-07-09 13:01:55  commit ok: auto: 13:01 auto save
2026-07-09 13:02:16  push failed: fatal: unable to access 'https://github.com/TYY-tyy-tyy/21yglh.git/': Failed to connect to github.com port 443 after 21106 ms: Could not connect to server
2026-07-09 13:31:34  commit ok: auto: 13:31 auto save
2026-07-09 13:31:37  push ok
2026-07-09 14:01:34  commit ok: auto: 14:01 auto save
2026-07-09 14:01:38  push ok
2026-07-09 14:32:03  commit ok: auto: 14:32 auto save
2026-07-09 14:32:25  push failed: fatal: unable to access 'https://github.com/TYY-tyy-tyy/21yglh.git/': Failed to connect to github.com port 443 after 21307 ms: Could not connect to server
2026-07-09 15:02:15  commit ok: auto: 15:02 auto save
2026-07-09 15:02:36  push failed: fatal: unable to access 'https://github.com/TYY-tyy-tyy/21yglh.git/': Failed to connect to github.com port 443 after 21070 ms: Could not connect to server
2026-07-09 16:20:06  commit ok: auto: 16:20 auto save
2026-07-09 16:21:34  push failed: fatal: unable to access 'https://github.com/TYY-tyy-tyy/21yglh.git/': Recv failure: Connection was reset
2026-07-09 16:31:54  commit ok: auto: 16:31 auto save
2026-07-09 16:32:16  push failed: fatal: unable to access 'https://github.com/TYY-tyy-tyy/21yglh.git/': Failed to connect to github.com port 443 after 21102 ms: Could not connect to server
2026-07-09 17:45:04  commit ok: auto: 17:45 auto save
2026-07-09 17:45:25  push failed: fatal: unable to access 'https://github.com/TYY-tyy-tyy/21yglh.git/': Failed to connect to github.com port 443 after 21100 ms: Could not connect to server
2026-07-09 18:01:34  commit ok: auto: 18:01 auto save
2026-07-09 18:01:37  push ok
2026-07-09 21:10:31  commit ok: auto: 21:10 auto save
2026-07-09 21:10:52  push failed: fatal: unable to access 'https://github.com/TYY-tyy-tyy/21yglh.git/': Failed to connect to github.com port 443 after 21066 ms: Could not connect to server
2026-07-09 21:31:38  commit ok: auto: 21:31 auto save
2026-07-09 21:31:42  push ok
2026-07-09 22:01:34  commit ok: auto: 22:01 auto save
2026-07-09 22:01:37  push ok
2026-07-09 23:01:34  commit ok: auto: 23:01 auto save
2026-07-09 23:01:37  push ok
2026-07-09 23:32:14  commit ok: auto: 23:32 auto save
2026-07-09 23:32:55  push failed: fatal: unable to access 'https://github.com/TYY-tyy-tyy/21yglh.git/': Failed to connect to github.com port 443 after 21098 ms: Could not connect to server
2026-07-10 00:31:35  commit ok: auto: 00:31 auto save
2026-07-10 00:31:38  push ok
2026-07-10 01:01:34  commit ok: auto: 01:01 auto save
2026-07-10 01:01:37  push ok
2026-07-10 01:31:34  commit ok: auto: 01:31 auto save
2026-07-10 01:31:37  push ok
2026-07-10 02:02:14  commit ok: auto: 02:02 auto save
2026-07-10 02:02:35  push failed: fatal: unable to access 'https://github.com/TYY-tyy-tyy/21yglh.git/': Failed to connect to github.com port 443 after 21120 ms: Could not connect to server
2026-07-10 02:31:34  commit ok: auto: 02:31 auto save
2026-07-10 02:31:37  push ok
2026-07-10 03:01:54  commit ok: auto: 03:01 auto save
2026-07-10 03:01:57  push ok
2026-07-10 03:31:34  commit ok: auto: 03:31 auto save
2026-07-10 03:31:37  push ok
2026-07-10 05:01:53  commit ok: auto: 05:01 auto save
2026-07-10 05:02:14  push failed: fatal: unable to access 'https://github.com/TYY-tyy-tyy/21yglh.git/': Failed to connect to github.com port 443 after 21100 ms: Could not connect to server
2026-07-10 05:32:14  commit ok: auto: 05:32 auto save
2026-07-10 05:32:35  push failed: fatal: unable to access 'https://github.com/TYY-tyy-tyy/21yglh.git/': Failed to connect to github.com port 443 after 21073 ms: Could not connect to server
2026-07-10 06:01:54  commit ok: auto: 06:01 auto save
2026-07-10 06:02:15  push failed: fatal: unable to access 'https://github.com/TYY-tyy-tyy/21yglh.git/': Failed to connect to github.com port 443 after 21088 ms: Could not connect to server
2026-07-10 06:31:33  commit ok: auto: 06:31 auto save
2026-07-10 06:31:37  push ok
2026-07-10 07:11:25  commit ok: auto: 07:11 auto save
2026-07-10 07:11:28  push ok
2026-07-10 07:31:34  commit ok: auto: 07:31 auto save
2026-07-10 07:31:37  push ok
2026-07-10 08:01:54  no changes, skip
2026-07-10 08:02:15  push failed: fatal: unable to access 'https://github.com/TYY-tyy-tyy/21yglh.git/': Failed to connect to github.com port 443 after 21076 ms: Could not connect to server
2026-07-10 08:31:53  commit ok: auto: 08:31 auto save
2026-07-10 08:32:14  push failed: fatal: unable to access 'https://github.com/TYY-tyy-tyy/21yglh.git/': Failed to connect to github.com port 443 after 21109 ms: Could not connect to server
2026-07-10 09:01:34  commit ok: auto: 09:01 auto save
2026-07-10 09:01:38  push ok
2026-07-10 09:31:34  commit ok: auto: 09:31 auto save
2026-07-10 09:32:35  push failed: error: RPC failed; curl 28 Failed to connect to github.com port 443 after 21093 ms: Could not connect to server send-pack: unexpected disconnect while reading sideband packet fatal: the remote end hung up unexpectedly Everything up-to-date
2026-07-10 10:02:57  commit ok: auto: 10:02 auto save
2026-07-10 10:03:18  push failed: fatal: unable to access 'https://github.com/TYY-tyy-tyy/21yglh.git/': Failed to connect to github.com port 443 after 21110 ms: Could not connect to server
2026-07-10 10:31:34  commit ok: auto: 10:31 auto save
2026-07-10 10:31:37  push ok
2026-07-10 13:36:40  commit ok: auto: 13:36 auto save
2026-07-10 16:58:05  push failed: fatal: unable to access 'https://github.com/TYY-tyy-tyy/21yglh.git/': Failed to connect to github.com port 443 after 21059 ms: Could not connect to server
2026-07-10 17:01:35  commit ok: auto: 17:01 auto save
2026-07-10 17:01:38  push ok
2026-07-10 17:31:34  commit ok: auto: 17:31 auto save
2026-07-10 18:45:09  commit ok: auto: 18:45 auto save
2026-07-10 18:45:30  push failed: fatal: unable to access 'https://github.com/TYY-tyy-tyy/21yglh.git/': Failed to connect to github.com port 443 after 21076 ms: Could not connect to server
2026-07-10 19:01:56  commit ok: auto: 19:01 auto save
2026-07-10 19:02:17  push failed: fatal: unable to access 'https://github.com/TYY-tyy-tyy/21yglh.git/': Failed to connect to github.com port 443 after 21100 ms: Could not connect to server
2026-07-10 19:49:43  commit ok: auto: 19:49 auto save
2026-07-10 19:49:48  push ok
2026-07-10 20:01:54  commit ok: auto: 20:01 auto save
2026-07-10 20:02:29  push failed: fatal: unable to access 'https://github.com/TYY-tyy-tyy/21yglh.git/': Recv failure: Connection was reset
2026-07-10 20:31:34  commit ok: auto: 20:31 auto save
2026-07-10 20:31:38  push ok
2026-07-10 21:01:34  commit ok: auto: 21:01 auto save
2026-07-10 21:01:37  push ok
2026-07-10 21:31:34  commit ok: auto: 21:31 auto save
2026-07-10 21:31:37  push ok
2026-07-10 22:01:54  commit ok: auto: 22:01 auto save
2026-07-10 22:02:15  push failed: fatal: unable to access 'https://github.com/TYY-tyy-tyy/21yglh.git/': Failed to connect to github.com port 443 after 21113 ms: Could not connect to server
2026-07-11 10:11:46  commit ok: auto: 10:11 auto save
2026-07-11 10:11:51  push ok
2026-07-11 10:17:24  commit ok: auto: 10:17 auto save
2026-07-11 10:17:28  push ok
2026-07-11 10:31:35  commit ok: auto: 10:31 auto save
2026-07-11 10:31:38  push ok
2026-07-11 11:04:39  commit ok: auto: 11:04 auto save
2026-07-11 11:05:00  push failed: fatal: unable to access 'https://github.com/TYY-tyy-tyy/21yglh.git/': Failed to connect to github.com port 443 after 21093 ms: Could not connect to server
2026-07-11 11:31:55  commit ok: auto: 11:31 auto save
2026-07-11 11:32:16  push failed: fatal: unable to access 'https://github.com/TYY-tyy-tyy/21yglh.git/': Failed to connect to github.com port 443 after 21087 ms: Could not connect to server
2026-07-11 12:01:34  commit ok: auto: 12:01 auto save
2026-07-11 12:01:38  push ok
2026-07-11 12:31:35  commit ok: auto: 12:31 auto save
2026-07-11 12:31:38  push ok
2026-07-11 13:01:35  commit ok: auto: 13:01 auto save
2026-07-11 13:01:42  push ok
2026-07-11 13:37:50  commit ok: auto: 13:37 auto save
2026-07-11 13:37:54  push ok
2026-07-11 15:53:56  no changes, skip
2026-07-11 15:53:57  push failed: fatal: unable to access 'https://github.com/TYY-tyy-tyy/21yglh.git/': Could not resolve host: github.com
2026-07-11 16:04:15  commit ok: auto: 16:04 auto save
2026-07-11 16:04:18  push ok
2026-07-11 16:31:35  commit ok: auto: 16:31 auto save
2026-07-11 16:31:38  push ok
2026-07-11 17:31:34  commit ok: auto: 17:31 auto save
2026-07-11 17:31:37  push ok
2026-07-11 18:07:20  commit ok: auto: 18:07 auto save
2026-07-11 18:08:02  push failed: fatal: unable to access 'https://github.com/TYY-tyy-tyy/21yglh.git/': Failed to connect to github.com port 443 after 21090 ms: Could not connect to server
2026-07-11 18:31:54  commit ok: auto: 18:31 auto save
2026-07-11 18:32:35  push failed: fatal: unable to access 'https://github.com/TYY-tyy-tyy/21yglh.git/': Failed to connect to github.com port 443 after 21060 ms: Could not connect to server
2026-07-11 19:31:34  commit ok: auto: 19:31 auto save
2026-07-11 20:07:04  commit ok: auto: 20:07 auto save
2026-07-11 20:07:08  push ok
2026-07-11 20:59:42  commit ok: auto: 20:59 auto save
2026-07-11 21:00:02  push failed: fatal: unable to access 'https://github.com/TYY-tyy-tyy/21yglh.git/': Recv failure: Connection was reset
2026-07-11 21:01:54  commit ok: auto: 21:01 auto save
2026-07-11 21:02:15  push failed: fatal: unable to access 'https://github.com/TYY-tyy-tyy/21yglh.git/': Failed to connect to github.com port 443 after 21068 ms: Could not connect to server
2026-07-11 21:31:34  commit ok: auto: 21:31 auto save
2026-07-11 21:31:37  push ok
2026-07-11 22:01:33  commit ok: auto: 22:01 auto save
2026-07-11 22:01:36  push ok
2026-07-11 22:31:34  commit ok: auto: 22:31 auto save
2026-07-11 22:31:37  push ok
2026-07-11 23:01:34  commit ok: auto: 23:01 auto save
2026-07-11 23:01:55  push failed: fatal: unable to access 'https://github.com/TYY-tyy-tyy/21yglh.git/': Failed to connect to github.com port 443 after 21049 ms: Could not connect to server
2026-07-11 23:31:52  commit ok: auto: 23:31 auto save
2026-07-11 23:32:14  push failed: fatal: unable to access 'https://github.com/TYY-tyy-tyy/21yglh.git/': Failed to connect to github.com port 443 after 21063 ms: Could not connect to server
2026-07-12 00:01:34  commit ok: auto: 00:01 auto save
2026-07-12 00:01:36  push ok
2026-07-12 00:31:34  commit ok: auto: 00:31 auto save
2026-07-12 00:31:37  push ok
2026-07-12 01:01:34  commit ok: auto: 01:01 auto save
2026-07-12 01:01:37  push ok
2026-07-12 01:31:34  commit ok: auto: 01:31 auto save
2026-07-12 01:31:37  push ok
2026-07-12 02:06:36  commit ok: auto: 02:06 auto save
2026-07-12 02:06:39  push ok
2026-07-12 02:31:52  commit ok: auto: 02:31 auto save
2026-07-12 02:31:57  push failed: fatal: unable to access 'https://github.com/TYY-tyy-tyy/21yglh.git/': Empty reply from server
2026-07-12 03:01:52  commit ok: auto: 03:01 auto save
2026-07-12 03:02:13  push failed: fatal: unable to access 'https://github.com/TYY-tyy-tyy/21yglh.git/': Failed to connect to github.com port 443 after 21052 ms: Could not connect to server
2026-07-12 03:33:06  commit ok: auto: 03:33 auto save
2026-07-12 03:33:09  push ok
2026-07-12 04:01:34  commit ok: auto: 04:01 auto save
2026-07-12 04:01:37  push ok
2026-07-12 04:31:34  commit ok: auto: 04:31 auto save
2026-07-12 04:31:37  push ok
2026-07-12 05:01:34  commit ok: auto: 05:01 auto save
2026-07-12 05:01:36  push ok
2026-07-12 05:31:54  commit ok: auto: 05:31 auto save
2026-07-12 05:32:15  push failed: fatal: unable to access 'https://github.com/TYY-tyy-tyy/21yglh.git/': Failed to connect to github.com port 443 after 21077 ms: Could not connect to server
2026-07-12 06:13:18  commit ok: auto: 06:13 auto save
2026-07-12 06:13:21  push ok
2026-07-12 06:59:50  commit ok: auto: 06:59 auto save
2026-07-12 06:59:53  push ok
2026-07-12 07:01:34  commit ok: auto: 07:01 auto save
2026-07-12 07:01:36  push ok
2026-07-12 07:42:49  commit ok: auto: 07:42 auto save
2026-07-12 07:42:52  push ok
2026-07-12 08:22:40  commit ok: auto: 08:22 auto save
2026-07-12 08:22:43  push ok
2026-07-12 08:31:54  commit ok: auto: 08:31 auto save
2026-07-12 08:32:15  push failed: fatal: unable to access 'https://github.com/TYY-tyy-tyy/21yglh.git/': Failed to connect to github.com port 443 after 21064 ms: Could not connect to server
2026-07-12 09:02:21  commit ok: auto: 09:02 auto save
2026-07-12 09:02:24  push ok
2026-07-12 09:33:58  commit ok: auto: 09:33 auto save
2026-07-12 09:33:58  push failed: fatal: unable to access 'https://github.com/TYY-tyy-tyy/21yglh.git/': Could not resolve host: github.com
2026-07-12 10:01:34  commit ok: auto: 10:01 auto save
2026-07-12 10:01:37  push ok
2026-07-12 10:31:54  commit ok: auto: 10:31 auto save
2026-07-12 10:32:35  push failed: fatal: unable to access 'https://github.com/TYY-tyy-tyy/21yglh.git/': Failed to connect to github.com port 443 after 21037 ms: Could not connect to server
2026-07-12 11:01:34  commit ok: auto: 11:01 auto save
2026-07-12 11:01:37  push ok
2026-07-12 12:01:34  commit ok: auto: 12:01 auto save
2026-07-12 12:01:37  push ok
2026-07-12 12:31:39  commit ok: auto: 12:31 auto save
2026-07-12 12:31:43  push ok
2026-07-12 13:01:56  commit ok: auto: 13:01 auto save
2026-07-12 13:02:19  push failed: fatal: unable to access 'https://github.com/TYY-tyy-tyy/21yglh.git/': Recv failure: Connection was reset
2026-07-12 13:43:23  commit ok: auto: 13:43 auto save
2026-07-12 13:43:44  push failed: fatal: unable to access 'https://github.com/TYY-tyy-tyy/21yglh.git/': Failed to connect to github.com port 443 after 21102 ms: Could not connect to server
2026-07-12 14:01:52  commit ok: auto: 14:01 auto save
2026-07-12 14:02:33  push failed: fatal: unable to access 'https://github.com/TYY-tyy-tyy/21yglh.git/': Failed to connect to github.com port 443 after 21086 ms: Could not connect to server
2026-07-12 14:31:52  commit ok: auto: 14:31 auto save
2026-07-12 14:32:33  push failed: fatal: unable to access 'https://github.com/TYY-tyy-tyy/21yglh.git/': Failed to connect to github.com port 443 after 21046 ms: Could not connect to server
2026-07-12 15:01:54  commit ok: auto: 15:01 auto save
2026-07-12 15:02:15  push failed: fatal: unable to access 'https://github.com/TYY-tyy-tyy/21yglh.git/': Failed to connect to github.com port 443 after 21101 ms: Could not connect to server
2026-07-12 15:31:33  commit ok: auto: 15:31 auto save
2026-07-12 15:31:38  push ok
2026-07-12 16:01:54  commit ok: auto: 16:01 auto save
2026-07-12 16:02:15  push failed: fatal: unable to access 'https://github.com/TYY-tyy-tyy/21yglh.git/': Failed to connect to github.com port 443 after 21075 ms: Could not connect to server
2026-07-12 16:31:34  commit ok: auto: 16:31 auto save
2026-07-12 16:31:37  push ok
2026-07-12 17:01:33  commit ok: auto: 17:01 auto save
2026-07-12 17:01:36  push ok
2026-07-12 17:31:33  commit ok: auto: 17:31 auto save
2026-07-12 17:31:36  push ok
2026-07-12 18:01:33  commit ok: auto: 18:01 auto save
2026-07-12 18:01:36  push ok
2026-07-12 18:31:52  commit ok: auto: 18:31 auto save
2026-07-12 18:32:33  push failed: fatal: unable to access 'https://github.com/TYY-tyy-tyy/21yglh.git/': Failed to connect to github.com port 443 after 21123 ms: Could not connect to server
2026-07-12 19:01:33  commit ok: auto: 19:01 auto save
2026-07-12 19:01:36  push ok
2026-07-12 19:37:27  commit ok: auto: 19:37 auto save
2026-07-12 19:37:30  push ok
2026-07-12 20:01:34  commit ok: auto: 20:01 auto save
2026-07-12 20:01:37  push ok
2026-07-12 20:31:55  commit ok: auto: 20:31 auto save
2026-07-12 20:32:16  push failed: fatal: unable to access 'https://github.com/TYY-tyy-tyy/21yglh.git/': Failed to connect to github.com port 443 after 21120 ms: Could not connect to server
2026-07-12 21:01:34  commit ok: auto: 21:01 auto save
2026-07-12 21:01:37  push ok
2026-07-12 21:32:16  commit ok: auto: 21:32 auto save
2026-07-12 21:32:57  push failed: fatal: unable to access 'https://github.com/TYY-tyy-tyy/21yglh.git/': Failed to connect to github.com port 443 after 21052 ms: Could not connect to server
2026-07-12 22:01:55  commit ok: auto: 22:01 auto save
2026-07-12 22:02:14  push failed: fatal: unable to access 'https://github.com/TYY-tyy-tyy/21yglh.git/': Recv failure: Connection was reset
2026-07-12 22:31:35  commit ok: auto: 22:31 auto save
2026-07-12 22:31:38  push ok
2026-07-12 23:01:34  commit ok: auto: 23:01 auto save
2026-07-12 23:01:37  push ok
2026-07-12 23:43:02  commit ok: auto: 23:43 auto save
2026-07-12 23:43:04  push ok
2026-07-13 00:01:34  commit ok: auto: 00:01 auto save
2026-07-13 00:01:37  push ok
2026-07-13 00:32:14  commit ok: auto: 00:32 auto save
2026-07-13 00:32:35  push failed: fatal: unable to access 'https://github.com/TYY-tyy-tyy/21yglh.git/': Failed to connect to github.com port 443 after 21056 ms: Could not connect to server
2026-07-13 01:02:14  commit ok: auto: 01:02 auto save
2026-07-13 01:02:35  push failed: fatal: unable to access 'https://github.com/TYY-tyy-tyy/21yglh.git/': Failed to connect to github.com port 443 after 21083 ms: Could not connect to server
2026-07-13 01:32:37  commit ok: auto: 01:32 auto save
2026-07-13 01:32:58  push failed: fatal: unable to access 'https://github.com/TYY-tyy-tyy/21yglh.git/': Failed to connect to github.com port 443 after 21075 ms: Could not connect to server
2026-07-13 02:01:34  commit ok: auto: 02:01 auto save
2026-07-13 02:01:37  push ok
2026-07-13 02:31:34  commit ok: auto: 02:31 auto save
2026-07-13 02:31:36  push ok
2026-07-13 03:01:34  commit ok: auto: 03:01 auto save
2026-07-13 03:01:37  push ok
2026-07-13 03:31:34  commit ok: auto: 03:31 auto save
2026-07-13 03:31:37  push ok
2026-07-13 04:01:34  commit ok: auto: 04:01 auto save
2026-07-13 04:01:37  push ok
2026-07-13 05:16:11  commit ok: auto: 05:16 auto save
2026-07-13 05:16:14  push ok
2026-07-13 05:32:14  commit ok: auto: 05:32 auto save
2026-07-13 05:32:35  push failed: fatal: unable to access 'https://github.com/TYY-tyy-tyy/21yglh.git/': Failed to connect to github.com port 443 after 21061 ms: Could not connect to server
2026-07-13 06:02:15  commit ok: auto: 06:02 auto save
2026-07-13 06:02:36  push failed: fatal: unable to access 'https://github.com/TYY-tyy-tyy/21yglh.git/': Failed to connect to github.com port 443 after 21076 ms: Could not connect to server
2026-07-13 06:31:34  commit ok: auto: 06:31 auto save
2026-07-13 06:31:37  push ok
2026-07-13 07:31:35  commit ok: auto: 07:31 auto save
2026-07-13 07:32:16  push failed: fatal: unable to access 'https://github.com/TYY-tyy-tyy/21yglh.git/': Failed to connect to github.com port 443 after 21045 ms: Could not connect to server
2026-07-13 08:01:35  commit ok: auto: 08:01 auto save
2026-07-13 08:01:38  push ok
2026-07-13 08:31:35  commit ok: auto: 08:31 auto save
2026-07-13 08:31:38  push ok
2026-07-13 09:01:55  commit ok: auto: 09:01 auto save
2026-07-13 09:02:17  push failed: fatal: unable to access 'https://github.com/TYY-tyy-tyy/21yglh.git/': Failed to connect to github.com port 443 after 21068 ms: Could not connect to server
2026-07-13 09:32:54  commit ok: auto: 09:32 auto save
2026-07-13 09:32:54  push failed: fatal: unable to access 'https://github.com/TYY-tyy-tyy/21yglh.git/': Could not resolve host: github.com
2026-07-13 10:01:34  commit ok: auto: 10:01 auto save
2026-07-13 10:01:37  push ok
2026-07-13 10:31:34  commit ok: auto: 10:31 auto save
2026-07-13 10:31:37  push ok
2026-07-13 11:01:34  commit ok: auto: 11:01 auto save
2026-07-13 11:01:37  push ok
2026-07-13 11:32:14  commit ok: auto: 11:32 auto save
2026-07-13 11:32:35  push failed: fatal: unable to access 'https://github.com/TYY-tyy-tyy/21yglh.git/': Failed to connect to github.com port 443 after 21053 ms: Could not connect to server
